<html>
<head>
<title>TestNG:  Test</title>
<link href="../testng.css" rel="stylesheet" type="text/css" />
<link href="../my-testng.css" rel="stylesheet" type="text/css" />

<style type="text/css">
.log { display: none;} 
.stack-trace { display: none;} 
</style>
<script type="text/javascript">
<!--
function flip(e) {
  current = e.style.display;
  if (current == 'block') {
    e.style.display = 'none';
    return 0;
  }
  else {
    e.style.display = 'block';
    return 1;
  }
}

function toggleBox(szDivId, elem, msg1, msg2)
{
  var res = -1;  if (document.getElementById) {
    res = flip(document.getElementById(szDivId));
  }
  else if (document.all) {
    // this is the way old msie versions work
    res = flip(document.all[szDivId]);
  }
  if(elem) {
    if(res == 0) elem.innerHTML = msg1; else elem.innerHTML = msg2;
  }

}

function toggleAllBoxes() {
  if (document.getElementsByTagName) {
    d = document.getElementsByTagName('div');
    for (i = 0; i < d.length; i++) {
      if (d[i].className == 'log') {
        flip(d[i]);
      }
    }
  }
}

// -->
</script>

</head>
<body>
<h2 align='center'>Test</h2><table border='1' align="center">
<tr>
<td>Tests passed/Failed/Skipped:</td><td>35/2/0</td>
</tr><tr>
<td>Started on:</td><td>Sat Apr 03 21:00:01 GMT+01:00 2021</td>
</tr>
<tr><td>Total time:</td><td>66 seconds (66906 ms)</td>
</tr><tr>
<td>Included groups:</td><td></td>
</tr><tr>
<td>Excluded groups:</td><td></td>
</tr>
</table><p/>
<small><i>(Hover the method name to see the test class name)</i></small><p/>
<table width='100%' border='1' class='invocation-failed'>
<tr><td colspan='4' align='center'><b>FAILED TESTS</b></td></tr>
<tr><td><b>Test method</b></td>
<td width="30%"><b>Exception</b></td>
<td width="10%"><b>Time (seconds)</b></td>
<td><b>Instance</b></td>
</tr>
<tr>
<td title='com.restAssuredTestng.testCases.TC004_DDT_createEmployeeTest.addNewEmployees()'><b>addNewEmployees</b><br>Test class: com.restAssuredTestng.testCases.TC004_DDT_createEmployeeTest<br>Parameters: employ4, 5700, 32</td>
<td><div><pre>java.lang.AssertionError: expected [429] but found [200]
	at com.restAssuredTestng.testCases.TC004_DDT_createEmployeeTest.addNewEmployees(TC004_DDT_createEmployeeTest.java:33)
... Removed 34 stack frames</pre></div><a href='#' onClick='toggleBox("stack-trace1807634633", this, "Click to show all stack frames", "Click to hide stack frames")'>Click to show all stack frames</a>
<div class='stack-trace' id='stack-trace1807634633'><pre>java.lang.AssertionError: expected [429] but found [200]
	at org.testng.Assert.fail(Assert.java:96)
	at org.testng.Assert.failNotEquals(Assert.java:776)
	at org.testng.Assert.assertEqualsImpl(Assert.java:137)
	at org.testng.Assert.assertEquals(Assert.java:118)
	at org.testng.Assert.assertEquals(Assert.java:652)
	at org.testng.Assert.assertEquals(Assert.java:662)
	at com.restAssuredTestng.testCases.TC004_DDT_createEmployeeTest.addNewEmployees(TC004_DDT_createEmployeeTest.java:33)
	at sun.reflect.NativeMethodAccessorImpl.invoke0(Native Method)
	at sun.reflect.NativeMethodAccessorImpl.invoke(NativeMethodAccessorImpl.java:62)
	at sun.reflect.DelegatingMethodAccessorImpl.invoke(DelegatingMethodAccessorImpl.java:43)
	at java.lang.reflect.Method.invoke(Method.java:498)
	at org.testng.internal.MethodInvocationHelper.invokeMethod(MethodInvocationHelper.java:124)
	at org.testng.internal.Invoker.invokeMethod(Invoker.java:583)
	at org.testng.internal.Invoker.invokeTestMethod(Invoker.java:719)
	at org.testng.internal.Invoker.invokeTestMethods(Invoker.java:989)
	at org.testng.internal.TestMethodWorker.invokeTestMethods(TestMethodWorker.java:125)
	at org.testng.internal.TestMethodWorker.run(TestMethodWorker.java:109)
	at org.testng.TestRunner.privateRun(TestRunner.java:648)
	at org.testng.TestRunner.run(TestRunner.java:505)
	at org.testng.SuiteRunner.runTest(SuiteRunner.java:455)
	at org.testng.SuiteRunner.runSequentially(SuiteRunner.java:450)
	at org.testng.SuiteRunner.privateRun(SuiteRunner.java:415)
	at org.testng.SuiteRunner.run(SuiteRunner.java:364)
	at org.testng.SuiteRunnerWorker.runSuite(SuiteRunnerWorker.java:52)
	at org.testng.SuiteRunnerWorker.run(SuiteRunnerWorker.java:84)
	at org.testng.TestNG.runSuitesSequentially(TestNG.java:1208)
	at org.testng.TestNG.runSuitesLocally(TestNG.java:1137)
	at org.testng.TestNG.runSuites(TestNG.java:1049)
	at org.testng.TestNG.run(TestNG.java:1017)
	at org.apache.maven.surefire.testng.TestNGExecutor.run(TestNGExecutor.java:295)
	at org.apache.maven.surefire.testng.TestNGXmlTestSuite.execute(TestNGXmlTestSuite.java:84)
	at org.apache.maven.surefire.testng.TestNGProvider.invoke(TestNGProvider.java:90)
	at org.apache.maven.surefire.booter.ForkedBooter.invokeProviderInSameClassLoader(ForkedBooter.java:203)
	at org.apache.maven.surefire.booter.ForkedBooter.runSuitesInProcess(ForkedBooter.java:155)
	at org.apache.maven.surefire.booter.ForkedBooter.main(ForkedBooter.java:103)
</pre></div></td>
<td>8</td>
<td>com.restAssuredTestng.testCases.TC004_DDT_createEmployeeTest@5e316c74</td></tr>
<tr>
<td title='com.restAssuredTestng.testCases.TC004_DDT_createEmployeeTest.addNewEmployees()'><b>addNewEmployees</b><br>Test class: com.restAssuredTestng.testCases.TC004_DDT_createEmployeeTest<br>Parameters: employ6, 5800, 39</td>
<td><div><pre>java.lang.AssertionError: expected [500] but found [200]
	at com.restAssuredTestng.testCases.TC004_DDT_createEmployeeTest.addNewEmployees(TC004_DDT_createEmployeeTest.java:33)
... Removed 34 stack frames</pre></div><a href='#' onClick='toggleBox("stack-trace1783146483", this, "Click to show all stack frames", "Click to hide stack frames")'>Click to show all stack frames</a>
<div class='stack-trace' id='stack-trace1783146483'><pre>java.lang.AssertionError: expected [500] but found [200]
	at org.testng.Assert.fail(Assert.java:96)
	at org.testng.Assert.failNotEquals(Assert.java:776)
	at org.testng.Assert.assertEqualsImpl(Assert.java:137)
	at org.testng.Assert.assertEquals(Assert.java:118)
	at org.testng.Assert.assertEquals(Assert.java:652)
	at org.testng.Assert.assertEquals(Assert.java:662)
	at com.restAssuredTestng.testCases.TC004_DDT_createEmployeeTest.addNewEmployees(TC004_DDT_createEmployeeTest.java:33)
	at sun.reflect.NativeMethodAccessorImpl.invoke0(Native Method)
	at sun.reflect.NativeMethodAccessorImpl.invoke(NativeMethodAccessorImpl.java:62)
	at sun.reflect.DelegatingMethodAccessorImpl.invoke(DelegatingMethodAccessorImpl.java:43)
	at java.lang.reflect.Method.invoke(Method.java:498)
	at org.testng.internal.MethodInvocationHelper.invokeMethod(MethodInvocationHelper.java:124)
	at org.testng.internal.Invoker.invokeMethod(Invoker.java:583)
	at org.testng.internal.Invoker.invokeTestMethod(Invoker.java:719)
	at org.testng.internal.Invoker.invokeTestMethods(Invoker.java:989)
	at org.testng.internal.TestMethodWorker.invokeTestMethods(TestMethodWorker.java:125)
	at org.testng.internal.TestMethodWorker.run(TestMethodWorker.java:109)
	at org.testng.TestRunner.privateRun(TestRunner.java:648)
	at org.testng.TestRunner.run(TestRunner.java:505)
	at org.testng.SuiteRunner.runTest(SuiteRunner.java:455)
	at org.testng.SuiteRunner.runSequentially(SuiteRunner.java:450)
	at org.testng.SuiteRunner.privateRun(SuiteRunner.java:415)
	at org.testng.SuiteRunner.run(SuiteRunner.java:364)
	at org.testng.SuiteRunnerWorker.runSuite(SuiteRunnerWorker.java:52)
	at org.testng.SuiteRunnerWorker.run(SuiteRunnerWorker.java:84)
	at org.testng.TestNG.runSuitesSequentially(TestNG.java:1208)
	at org.testng.TestNG.runSuitesLocally(TestNG.java:1137)
	at org.testng.TestNG.runSuites(TestNG.java:1049)
	at org.testng.TestNG.run(TestNG.java:1017)
	at org.apache.maven.surefire.testng.TestNGExecutor.run(TestNGExecutor.java:295)
	at org.apache.maven.surefire.testng.TestNGXmlTestSuite.execute(TestNGXmlTestSuite.java:84)
	at org.apache.maven.surefire.testng.TestNGProvider.invoke(TestNGProvider.java:90)
	at org.apache.maven.surefire.booter.ForkedBooter.invokeProviderInSameClassLoader(ForkedBooter.java:203)
	at org.apache.maven.surefire.booter.ForkedBooter.runSuitesInProcess(ForkedBooter.java:155)
	at org.apache.maven.surefire.booter.ForkedBooter.main(ForkedBooter.java:103)
</pre></div></td>
<td>5</td>
<td>com.restAssuredTestng.testCases.TC004_DDT_createEmployeeTest@5e316c74</td></tr>
</table><p>
<table width='100%' border='1' class='invocation-passed'>
<tr><td colspan='4' align='center'><b>PASSED TESTS</b></td></tr>
<tr><td><b>Test method</b></td>
<td width="30%"><b>Exception</b></td>
<td width="10%"><b>Time (seconds)</b></td>
<td><b>Instance</b></td>
</tr>
<tr>
<td title='com.restAssuredTestng.testCases.TC004_DDT_createEmployeeTest.addNewEmployees()'><b>addNewEmployees</b><br>Test class: com.restAssuredTestng.testCases.TC004_DDT_createEmployeeTest<br>Parameters: employ1, 5000, 30</td>
<td></td>
<td>7</td>
<td>com.restAssuredTestng.testCases.TC004_DDT_createEmployeeTest@5e316c74</td></tr>
<tr>
<td title='com.restAssuredTestng.testCases.TC004_DDT_createEmployeeTest.addNewEmployees()'><b>addNewEmployees</b><br>Test class: com.restAssuredTestng.testCases.TC004_DDT_createEmployeeTest<br>Parameters: employ2, 4050, 32</td>
<td></td>
<td>5</td>
<td>com.restAssuredTestng.testCases.TC004_DDT_createEmployeeTest@5e316c74</td></tr>
<tr>
<td title='com.restAssuredTestng.testCases.TC004_DDT_createEmployeeTest.addNewEmployees()'><b>addNewEmployees</b><br>Test class: com.restAssuredTestng.testCases.TC004_DDT_createEmployeeTest<br>Parameters: employ3, 3050, 28</td>
<td></td>
<td>5</td>
<td>com.restAssuredTestng.testCases.TC004_DDT_createEmployeeTest@5e316c74</td></tr>
<tr>
<td title='com.restAssuredTestng.testCases.TC004_DDT_createEmployeeTest.addNewEmployees()'><b>addNewEmployees</b><br>Test class: com.restAssuredTestng.testCases.TC004_DDT_createEmployeeTest<br>Parameters: employ5, 6000, 45</td>
<td></td>
<td>8</td>
<td>com.restAssuredTestng.testCases.TC004_DDT_createEmployeeTest@5e316c74</td></tr>
<tr>
<td title='com.restAssuredTestng.testCases.TC005_updateEmployeeTest.checkAge()'><b>checkAge</b><br>Test class: com.restAssuredTestng.testCases.TC005_updateEmployeeTest</td>
<td></td>
<td>0</td>
<td>com.restAssuredTestng.testCases.TC005_updateEmployeeTest@6d2a209c</td></tr>
<tr>
<td title='com.restAssuredTestng.testCases.TC003_createEmployeeTest.checkAge()'><b>checkAge</b><br>Test class: com.restAssuredTestng.testCases.TC003_createEmployeeTest</td>
<td></td>
<td>0</td>
<td>com.restAssuredTestng.testCases.TC003_createEmployeeTest@4313f5bc</td></tr>
<tr>
<td title='com.restAssuredTestng.testCases.TC006_deleteOneEmployeeTest.checkBody()'><b>checkBody</b><br>Test class: com.restAssuredTestng.testCases.TC006_deleteOneEmployeeTest</td>
<td></td>
<td>0</td>
<td>com.restAssuredTestng.testCases.TC006_deleteOneEmployeeTest@75329a49</td></tr>
<tr>
<td title='com.restAssuredTestng.testCases.TC002_getOneEmployeeTest.checkContentType()'><b>checkContentType</b><br>Test class: com.restAssuredTestng.testCases.TC002_getOneEmployeeTest</td>
<td></td>
<td>0</td>
<td>com.restAssuredTestng.testCases.TC002_getOneEmployeeTest@6ac13091</td></tr>
<tr>
<td title='com.restAssuredTestng.testCases.TC005_updateEmployeeTest.checkContentType()'><b>checkContentType</b><br>Test class: com.restAssuredTestng.testCases.TC005_updateEmployeeTest</td>
<td></td>
<td>0</td>
<td>com.restAssuredTestng.testCases.TC005_updateEmployeeTest@6d2a209c</td></tr>
<tr>
<td title='com.restAssuredTestng.testCases.TC001_getAllEmployeesTest.checkContentType()'><b>checkContentType</b><br>Test class: com.restAssuredTestng.testCases.TC001_getAllEmployeesTest</td>
<td></td>
<td>0</td>
<td>com.restAssuredTestng.testCases.TC001_getAllEmployeesTest@161479c6</td></tr>
<tr>
<td title='com.restAssuredTestng.testCases.TC003_createEmployeeTest.checkContentType()'><b>checkContentType</b><br>Test class: com.restAssuredTestng.testCases.TC003_createEmployeeTest</td>
<td></td>
<td>0</td>
<td>com.restAssuredTestng.testCases.TC003_createEmployeeTest@4313f5bc</td></tr>
<tr>
<td title='com.restAssuredTestng.testCases.TC002_getOneEmployeeTest.checkName()'><b>checkName</b><br>Test class: com.restAssuredTestng.testCases.TC002_getOneEmployeeTest</td>
<td></td>
<td>0</td>
<td>com.restAssuredTestng.testCases.TC002_getOneEmployeeTest@6ac13091</td></tr>
<tr>
<td title='com.restAssuredTestng.testCases.TC005_updateEmployeeTest.checkName()'><b>checkName</b><br>Test class: com.restAssuredTestng.testCases.TC005_updateEmployeeTest</td>
<td></td>
<td>0</td>
<td>com.restAssuredTestng.testCases.TC005_updateEmployeeTest@6d2a209c</td></tr>
<tr>
<td title='com.restAssuredTestng.testCases.TC003_createEmployeeTest.checkName()'><b>checkName</b><br>Test class: com.restAssuredTestng.testCases.TC003_createEmployeeTest</td>
<td></td>
<td>0</td>
<td>com.restAssuredTestng.testCases.TC003_createEmployeeTest@4313f5bc</td></tr>
<tr>
<td title='com.restAssuredTestng.testCases.TC005_updateEmployeeTest.checkSalary()'><b>checkSalary</b><br>Test class: com.restAssuredTestng.testCases.TC005_updateEmployeeTest</td>
<td></td>
<td>0</td>
<td>com.restAssuredTestng.testCases.TC005_updateEmployeeTest@6d2a209c</td></tr>
<tr>
<td title='com.restAssuredTestng.testCases.TC003_createEmployeeTest.checkSalary()'><b>checkSalary</b><br>Test class: com.restAssuredTestng.testCases.TC003_createEmployeeTest</td>
<td></td>
<td>0</td>
<td>com.restAssuredTestng.testCases.TC003_createEmployeeTest@4313f5bc</td></tr>
<tr>
<td title='com.restAssuredTestng.testCases.TC002_getOneEmployeeTest.checkServer()'><b>checkServer</b><br>Test class: com.restAssuredTestng.testCases.TC002_getOneEmployeeTest</td>
<td></td>
<td>0</td>
<td>com.restAssuredTestng.testCases.TC002_getOneEmployeeTest@6ac13091</td></tr>
<tr>
<td title='com.restAssuredTestng.testCases.TC006_deleteOneEmployeeTest.checkServer()'><b>checkServer</b><br>Test class: com.restAssuredTestng.testCases.TC006_deleteOneEmployeeTest</td>
<td></td>
<td>0</td>
<td>com.restAssuredTestng.testCases.TC006_deleteOneEmployeeTest@75329a49</td></tr>
<tr>
<td title='com.restAssuredTestng.testCases.TC001_getAllEmployeesTest.checkServer()'><b>checkServer</b><br>Test class: com.restAssuredTestng.testCases.TC001_getAllEmployeesTest</td>
<td></td>
<td>0</td>
<td>com.restAssuredTestng.testCases.TC001_getAllEmployeesTest@161479c6</td></tr>
<tr>
<td title='com.restAssuredTestng.testCases.TC003_createEmployeeTest.checkServer()'><b>checkServer</b><br>Test class: com.restAssuredTestng.testCases.TC003_createEmployeeTest</td>
<td></td>
<td>0</td>
<td>com.restAssuredTestng.testCases.TC003_createEmployeeTest@4313f5bc</td></tr>
<tr>
<td title='com.restAssuredTestng.testCases.TC002_getOneEmployeeTest.checkStatusCode()'><b>checkStatusCode</b><br>Test class: com.restAssuredTestng.testCases.TC002_getOneEmployeeTest</td>
<td></td>
<td>0</td>
<td>com.restAssuredTestng.testCases.TC002_getOneEmployeeTest@6ac13091</td></tr>
<tr>
<td title='com.restAssuredTestng.testCases.TC005_updateEmployeeTest.checkStatusCode()'><b>checkStatusCode</b><br>Test class: com.restAssuredTestng.testCases.TC005_updateEmployeeTest</td>
<td></td>
<td>0</td>
<td>com.restAssuredTestng.testCases.TC005_updateEmployeeTest@6d2a209c</td></tr>
<tr>
<td title='com.restAssuredTestng.testCases.TC006_deleteOneEmployeeTest.checkStatusCode()'><b>checkStatusCode</b><br>Test class: com.restAssuredTestng.testCases.TC006_deleteOneEmployeeTest</td>
<td></td>
<td>0</td>
<td>com.restAssuredTestng.testCases.TC006_deleteOneEmployeeTest@75329a49</td></tr>
<tr>
<td title='com.restAssuredTestng.testCases.TC001_getAllEmployeesTest.checkStatusCode()'><b>checkStatusCode</b><br>Test class: com.restAssuredTestng.testCases.TC001_getAllEmployeesTest</td>
<td></td>
<td>0</td>
<td>com.restAssuredTestng.testCases.TC001_getAllEmployeesTest@161479c6</td></tr>
<tr>
<td title='com.restAssuredTestng.testCases.TC003_createEmployeeTest.checkStatusCode()'><b>checkStatusCode</b><br>Test class: com.restAssuredTestng.testCases.TC003_createEmployeeTest</td>
<td></td>
<td>0</td>
<td>com.restAssuredTestng.testCases.TC003_createEmployeeTest@4313f5bc</td></tr>
<tr>
<td title='com.restAssuredTestng.testCases.TC002_getOneEmployeeTest.checkStatusLine()'><b>checkStatusLine</b><br>Test class: com.restAssuredTestng.testCases.TC002_getOneEmployeeTest</td>
<td></td>
<td>0</td>
<td>com.restAssuredTestng.testCases.TC002_getOneEmployeeTest@6ac13091</td></tr>
<tr>
<td title='com.restAssuredTestng.testCases.TC005_updateEmployeeTest.checkStatusLine()'><b>checkStatusLine</b><br>Test class: com.restAssuredTestng.testCases.TC005_updateEmployeeTest</td>
<td></td>
<td>0</td>
<td>com.restAssuredTestng.testCases.TC005_updateEmployeeTest@6d2a209c</td></tr>
<tr>
<td title='com.restAssuredTestng.testCases.TC006_deleteOneEmployeeTest.checkStatusLine()'><b>checkStatusLine</b><br>Test class: com.restAssuredTestng.testCases.TC006_deleteOneEmployeeTest</td>
<td></td>
<td>0</td>
<td>com.restAssuredTestng.testCases.TC006_deleteOneEmployeeTest@75329a49</td></tr>
<tr>
<td title='com.restAssuredTestng.testCases.TC001_getAllEmployeesTest.checkStatusLine()'><b>checkStatusLine</b><br>Test class: com.restAssuredTestng.testCases.TC001_getAllEmployeesTest</td>
<td></td>
<td>0</td>
<td>com.restAssuredTestng.testCases.TC001_getAllEmployeesTest@161479c6</td></tr>
<tr>
<td title='com.restAssuredTestng.testCases.TC003_createEmployeeTest.checkStatusLine()'><b>checkStatusLine</b><br>Test class: com.restAssuredTestng.testCases.TC003_createEmployeeTest</td>
<td></td>
<td>0</td>
<td>com.restAssuredTestng.testCases.TC003_createEmployeeTest@4313f5bc</td></tr>
<tr>
<td title='com.restAssuredTestng.testCases.TC002_getOneEmployeeTest.checkTime()'><b>checkTime</b><br>Test class: com.restAssuredTestng.testCases.TC002_getOneEmployeeTest</td>
<td></td>
<td>0</td>
<td>com.restAssuredTestng.testCases.TC002_getOneEmployeeTest@6ac13091</td></tr>
<tr>
<td title='com.restAssuredTestng.testCases.TC005_updateEmployeeTest.checkTime()'><b>checkTime</b><br>Test class: com.restAssuredTestng.testCases.TC005_updateEmployeeTest</td>
<td></td>
<td>0</td>
<td>com.restAssuredTestng.testCases.TC005_updateEmployeeTest@6d2a209c</td></tr>
<tr>
<td title='com.restAssuredTestng.testCases.TC006_deleteOneEmployeeTest.checkTime()'><b>checkTime</b><br>Test class: com.restAssuredTestng.testCases.TC006_deleteOneEmployeeTest</td>
<td></td>
<td>0</td>
<td>com.restAssuredTestng.testCases.TC006_deleteOneEmployeeTest@75329a49</td></tr>
<tr>
<td title='com.restAssuredTestng.testCases.TC001_getAllEmployeesTest.checkTime()'><b>checkTime</b><br>Test class: com.restAssuredTestng.testCases.TC001_getAllEmployeesTest</td>
<td></td>
<td>0</td>
<td>com.restAssuredTestng.testCases.TC001_getAllEmployeesTest@161479c6</td></tr>
<tr>
<td title='com.restAssuredTestng.testCases.TC003_createEmployeeTest.checkTime()'><b>checkTime</b><br>Test class: com.restAssuredTestng.testCases.TC003_createEmployeeTest</td>
<td></td>
<td>0</td>
<td>com.restAssuredTestng.testCases.TC003_createEmployeeTest@4313f5bc</td></tr>
</table><p>
</body>
</html>