<?xml version="1.0" encoding="UTF-8"?>
<!-- Generated by org.testng.reporters.JUnitXMLReporter -->
<testsuite hostname="Abdou-PC" ignored="0" name="Test" tests="37" failures="2" timestamp="03 Apr 2021 20:01:08 GMT" time="66.906" errors="0">
  <testcase name="checkContentType" time="0.006" classname="com.restAssuredTestng.testCases.TC002_getOneEmployeeTest"/>
  <testcase name="checkName" time="0.0" classname="com.restAssuredTestng.testCases.TC002_getOneEmployeeTest"/>
  <testcase name="checkServer" time="0.0" classname="com.restAssuredTestng.testCases.TC002_getOneEmployeeTest"/>
  <testcase name="checkStatusCode" time="0.0" classname="com.restAssuredTestng.testCases.TC002_getOneEmployeeTest"/>
  <testcase name="checkStatusLine" time="0.0" classname="com.restAssuredTestng.testCases.TC002_getOneEmployeeTest"/>
  <testcase name="checkTime" time="0.0" classname="com.restAssuredTestng.testCases.TC002_getOneEmployeeTest"/>
  <testcase name="addNewEmployees" time="7.806" classname="com.restAssuredTestng.testCases.TC004_DDT_createEmployeeTest"/>
  <testcase name="addNewEmployees" time="5.976" classname="com.restAssuredTestng.testCases.TC004_DDT_createEmployeeTest"/>
  <testcase name="addNewEmployees" time="5.839" classname="com.restAssuredTestng.testCases.TC004_DDT_createEmployeeTest"/>
  <testcase name="addNewEmployees" time="8.189" classname="com.restAssuredTestng.testCases.TC004_DDT_createEmployeeTest">
    <failure type="java.lang.AssertionError" message="expected [429] but found [200]">
      <![CDATA[java.lang.AssertionError: expected [429] but found [200]
at com.restAssuredTestng.testCases.TC004_DDT_createEmployeeTest.addNewEmployees(TC004_DDT_createEmployeeTest.java:33)
... Removed 34 stack frames]]>
    </failure>
  </testcase> <!-- addNewEmployees -->
  <testcase name="addNewEmployees" time="8.069" classname="com.restAssuredTestng.testCases.TC004_DDT_createEmployeeTest"/>
  <testcase name="addNewEmployees" time="5.877" classname="com.restAssuredTestng.testCases.TC004_DDT_createEmployeeTest">
    <failure type="java.lang.AssertionError" message="expected [500] but found [200]">
      <![CDATA[java.lang.AssertionError: expected [500] but found [200]
at com.restAssuredTestng.testCases.TC004_DDT_createEmployeeTest.addNewEmployees(TC004_DDT_createEmployeeTest.java:33)
... Removed 34 stack frames]]>
    </failure>
  </testcase> <!-- addNewEmployees -->
  <testcase name="checkAge" time="0.0" classname="com.restAssuredTestng.testCases.TC005_updateEmployeeTest"/>
  <testcase name="checkContentType" time="0.0" classname="com.restAssuredTestng.testCases.TC005_updateEmployeeTest"/>
  <testcase name="checkName" time="0.0" classname="com.restAssuredTestng.testCases.TC005_updateEmployeeTest"/>
  <testcase name="checkSalary" time="0.0" classname="com.restAssuredTestng.testCases.TC005_updateEmployeeTest"/>
  <testcase name="checkStatusCode" time="0.0" classname="com.restAssuredTestng.testCases.TC005_updateEmployeeTest"/>
  <testcase name="checkStatusLine" time="0.0" classname="com.restAssuredTestng.testCases.TC005_updateEmployeeTest"/>
  <testcase name="checkTime" time="0.0" classname="com.restAssuredTestng.testCases.TC005_updateEmployeeTest"/>
  <testcase name="checkBody" time="0.001" classname="com.restAssuredTestng.testCases.TC006_deleteOneEmployeeTest"/>
  <testcase name="checkServer" time="0.001" classname="com.restAssuredTestng.testCases.TC006_deleteOneEmployeeTest"/>
  <testcase name="checkStatusCode" time="0.0" classname="com.restAssuredTestng.testCases.TC006_deleteOneEmployeeTest"/>
  <testcase name="checkStatusLine" time="0.0" classname="com.restAssuredTestng.testCases.TC006_deleteOneEmployeeTest"/>
  <testcase name="checkTime" time="0.001" classname="com.restAssuredTestng.testCases.TC006_deleteOneEmployeeTest"/>
  <testcase name="checkContentType" time="0.0" classname="com.restAssuredTestng.testCases.TC001_getAllEmployeesTest"/>
  <testcase name="checkServer" time="0.001" classname="com.restAssuredTestng.testCases.TC001_getAllEmployeesTest"/>
  <testcase name="checkStatusCode" time="0.0" classname="com.restAssuredTestng.testCases.TC001_getAllEmployeesTest"/>
  <testcase name="checkStatusLine" time="0.0" classname="com.restAssuredTestng.testCases.TC001_getAllEmployeesTest"/>
  <testcase name="checkTime" time="0.0" classname="com.restAssuredTestng.testCases.TC001_getAllEmployeesTest"/>
  <testcase name="checkAge" time="0.0" classname="com.restAssuredTestng.testCases.TC003_createEmployeeTest"/>
  <testcase name="checkContentType" time="0.0" classname="com.restAssuredTestng.testCases.TC003_createEmployeeTest"/>
  <testcase name="checkName" time="0.0" classname="com.restAssuredTestng.testCases.TC003_createEmployeeTest"/>
  <testcase name="checkSalary" time="0.0" classname="com.restAssuredTestng.testCases.TC003_createEmployeeTest"/>
  <testcase name="checkServer" time="0.0" classname="com.restAssuredTestng.testCases.TC003_createEmployeeTest"/>
  <testcase name="checkStatusCode" time="0.001" classname="com.restAssuredTestng.testCases.TC003_createEmployeeTest"/>
  <testcase name="checkStatusLine" time="0.0" classname="com.restAssuredTestng.testCases.TC003_createEmployeeTest"/>
  <testcase name="checkTime" time="0.0" classname="com.restAssuredTestng.testCases.TC003_createEmployeeTest"/>
</testsuite> <!-- Test -->
