<?xml version="1.0" encoding="UTF-8"?>
<testsuite name="TestSuite" time="7.818" tests="37" errors="0" skipped="0" failures="2">
  <properties>
    <property name="java.runtime.name" value="Java(TM) SE Runtime Environment"/>
    <property name="sun.boot.library.path" value="C:\Program Files\Java\jdk1.8.0_131\jre\bin"/>
    <property name="java.vm.version" value="25.131-b11"/>
    <property name="java.vm.vendor" value="Oracle Corporation"/>
    <property name="maven.multiModuleProjectDirectory" value="D:\TasksTimer WKS\RestAssured_TestNg_Employee_V2"/>
    <property name="java.vendor.url" value="http://java.oracle.com/"/>
    <property name="path.separator" value=";"/>
    <property name="guice.disable.misplaced.annotation.check" value="true"/>
    <property name="java.vm.name" value="Java HotSpot(TM) 64-Bit Server VM"/>
    <property name="file.encoding.pkg" value="sun.io"/>
    <property name="user.script" value=""/>
    <property name="user.country" value="FR"/>
    <property name="sun.java.launcher" value="SUN_STANDARD"/>
    <property name="sun.os.patch.level" value="Service Pack 1"/>
    <property name="java.vm.specification.name" value="Java Virtual Machine Specification"/>
    <property name="user.dir" value="D:\TasksTimer WKS\RestAssured_TestNg_Employee_V2"/>
    <property name="java.runtime.version" value="1.8.0_131-b11"/>
    <property name="java.awt.graphicsenv" value="sun.awt.Win32GraphicsEnvironment"/>
    <property name="java.endorsed.dirs" value="C:\Program Files\Java\jdk1.8.0_131\jre\lib\endorsed"/>
    <property name="os.arch" value="amd64"/>
    <property name="java.io.tmpdir" value="C:\windows\TEMP\"/>
    <property name="line.separator" value="&#10;"/>
    <property name="java.vm.specification.vendor" value="Oracle Corporation"/>
    <property name="user.variant" value=""/>
    <property name="os.name" value="Windows 7"/>
    <property name="classworlds.conf" value="D:\TasksTimer WKS\.metadata\.plugins\org.eclipse.m2e.launching\launches\m2conf8815854966851934988.tmp"/>
    <property name="sun.jnu.encoding" value="Cp1252"/>
    <property name="java.library.path" value="C:\Program Files\Java\jdk1.8.0_131\bin;C:\windows\Sun\Java\bin;C:\windows\system32;C:\windows;C:/Program Files/Java/jre1.8.0_131/bin/server;C:/Program Files/Java/jre1.8.0_131/bin;C:/Program Files/Java/jre1.8.0_131/lib/amd64;C:\Users\Abdou\AppData\Local\Programs\Python\Python38-32\Scripts;C:\Program Files (x86)\Common Files\Oracle\Java\javapath;C:\Program Files\Common Files\Microsoft Shared\Windows Live;C:\Program Files (x86)\Common Files\Microsoft Shared\Windows Live;C:\orant\bin;d:\app\oracle\product\12.1.0\dbhome_1\bin;C:\Program Files\EasyPHP-DevServer-14.1VC9\binaries\php\php_runningversion;C:\Program Files (x86)\EasyPHP-DevServer-14.1VC9\binaries\php\php_runningversion;C:\Windows\system32;C:\Windows;C:\Windows\System32\Wbem;C:\Windows\System32\WindowsPowerShell\v1.0\;C:\Program Files (x86)\GtkSharp\2.12\bin;C:\Program Files\Intel\WiFi\bin\;C:\Program Files\Common Files\Intel\WirelessCommon\;C:\Program Files (x86)\Microsoft SQL Server\100\Tools\Binn\;C:\Program Files\Microsoft SQL Server\100\Tools\Binn\;C:\Program Files\Microsoft SQL Server\100\DTS\Binn\;C:\Program Files (x86)\PKWARE\pkzipc;C:\Program Files (x86)\Windows Live\Shared;C:\Program Files\Git\cmd;C:\usr\local\node_modules\ionic;C:\Program Files (x86)\Apache Software Founadation\apache-maven-3.3.9\apache-maven\src\bin;C:\Program Files\MongoDB\Server\3.4\bin;C:\Program Files (x86)\Skype\Phone;C:\usr\local;C:\Users\Abdou\Desktop\projetmeanjs\mean\node_modules\.bin;C:\Program Files\apache-maven-3.5.0\apache-maven\src\bin;D:\ANDROID_64bits_api21\ANDROID\sdk;C:\Users\Abdou\AppData\Local\Android\android-sdk;M2_HOME%\bin;C:\Program Files\IDM Computer Solutions\UltraEdit;C:\Program Files (x86)\Microsoft VS Code\bin;C:\ProgramData\chocolatey\bin;C:\Program Files\nodejs\;C:\Users\Abdou\AppData\Local\Programs\Python\Python38-32\Scripts;C:\Users\Abdou\AppData\Local\Programs\Python\Python38-32\;C:\ProgramData\chocolatey\bin;C:\Program Files\Java\jdk1.8.0_131\bin;C:\Program Files\Java\jre1.8.0_131\bin;C:\Program Files\Apache Software Foundation\apache-maven-3.5.2\bin;C:\Program Files\Java\jdk1.8.0_131;C:\Program Files\Apache Software Foundation\apache-maven-3.6.2\bin;C:\Program Files (x86)\kubectl;C:\jenkins-cli;C:\apache-jmeter-5.2.1\bin;C:\apache-tomacat-7.0.37\bin;C:\allure-2.13.8\bin;;C:\Users\Abdou\eclipse\jee-2018-09\eclipse;;."/>
    <property name="java.specification.name" value="Java Platform API Specification"/>
    <property name="java.class.version" value="52.0"/>
    <property name="sun.management.compiler" value="HotSpot 64-Bit Tiered Compilers"/>
    <property name="os.version" value="6.1"/>
    <property name="user.home" value="C:\Users\Abdou"/>
    <property name="user.timezone" value="GMT+01:00"/>
    <property name="java.awt.printerjob" value="sun.awt.windows.WPrinterJob"/>
    <property name="java.specification.version" value="1.8"/>
    <property name="file.encoding" value="Cp1252"/>
    <property name="user.name" value="Abdou"/>
    <property name="java.class.path" value="C:\Users\Abdou\.p2\pool\plugins\org.eclipse.m2e.maven.runtime_1.8.3.20180227-2135\jars\plexus-classworlds-2.5.2.jar"/>
    <property name="java.vm.specification.version" value="1.8"/>
    <property name="sun.arch.data.model" value="64"/>
    <property name="java.home" value="C:\Program Files\Java\jdk1.8.0_131\jre"/>
    <property name="sun.java.command" value="org.codehaus.plexus.classworlds.launcher.Launcher -B test"/>
    <property name="java.specification.vendor" value="Oracle Corporation"/>
    <property name="user.language" value="fr"/>
    <property name="awt.toolkit" value="sun.awt.windows.WToolkit"/>
    <property name="java.vm.info" value="mixed mode"/>
    <property name="java.version" value="1.8.0_131"/>
    <property name="java.ext.dirs" value="C:\Program Files\Java\jdk1.8.0_131\jre\lib\ext;C:\windows\Sun\Java\lib\ext"/>
    <property name="sun.boot.class.path" value="C:\Program Files\Java\jdk1.8.0_131\jre\lib\resources.jar;C:\Program Files\Java\jdk1.8.0_131\jre\lib\rt.jar;C:\Program Files\Java\jdk1.8.0_131\jre\lib\sunrsasign.jar;C:\Program Files\Java\jdk1.8.0_131\jre\lib\jsse.jar;C:\Program Files\Java\jdk1.8.0_131\jre\lib\jce.jar;C:\Program Files\Java\jdk1.8.0_131\jre\lib\charsets.jar;C:\Program Files\Java\jdk1.8.0_131\jre\lib\jfr.jar;C:\Program Files\Java\jdk1.8.0_131\jre\classes"/>
    <property name="java.vendor" value="Oracle Corporation"/>
    <property name="maven.home" value="D:\TasksTimer WKS\RestAssured_TestNg_Employee_V2\EMBEDDED"/>
    <property name="file.separator" value="\"/>
    <property name="java.vendor.url.bug" value="http://bugreport.sun.com/bugreport/"/>
    <property name="sun.cpu.endian" value="little"/>
    <property name="sun.io.unicode.encoding" value="UnicodeLittle"/>
    <property name="sun.desktop" value="windows"/>
    <property name="sun.cpu.isalist" value="amd64"/>
  </properties>
  <testcase name="checkContentType" classname="com.restAssuredTestng.testCases.TC002_getOneEmployeeTest" time="0.007"/>
  <testcase name="checkName" classname="com.restAssuredTestng.testCases.TC002_getOneEmployeeTest" time="0"/>
  <testcase name="checkServer" classname="com.restAssuredTestng.testCases.TC002_getOneEmployeeTest" time="0"/>
  <testcase name="checkStatusCode" classname="com.restAssuredTestng.testCases.TC002_getOneEmployeeTest" time="0"/>
  <testcase name="checkStatusLine" classname="com.restAssuredTestng.testCases.TC002_getOneEmployeeTest" time="0.001"/>
  <testcase name="checkTime" classname="com.restAssuredTestng.testCases.TC002_getOneEmployeeTest" time="0"/>
  <testcase name="addNewEmployees" classname="com.restAssuredTestng.testCases.TC004_DDT_createEmployeeTest" time="7.806"/>
  <testcase name="addNewEmployees" classname="com.restAssuredTestng.testCases.TC004_DDT_createEmployeeTest" time="5.977"/>
  <testcase name="addNewEmployees" classname="com.restAssuredTestng.testCases.TC004_DDT_createEmployeeTest" time="5.84"/>
  <testcase name="addNewEmployees" classname="com.restAssuredTestng.testCases.TC004_DDT_createEmployeeTest" time="8.194">
    <failure message="expected [429] but found [200]" type="java.lang.AssertionError">java.lang.AssertionError: expected [429] but found [200]
	at org.testng.Assert.fail(Assert.java:96)
	at org.testng.Assert.failNotEquals(Assert.java:776)
	at org.testng.Assert.assertEqualsImpl(Assert.java:137)
	at org.testng.Assert.assertEquals(Assert.java:118)
	at org.testng.Assert.assertEquals(Assert.java:652)
	at org.testng.Assert.assertEquals(Assert.java:662)
	at com.restAssuredTestng.testCases.TC004_DDT_createEmployeeTest.addNewEmployees(TC004_DDT_createEmployeeTest.java:33)
</failure>
    <system-out><![CDATA[employ4
5700
32
]]></system-out>
  </testcase>
  <testcase name="addNewEmployees" classname="com.restAssuredTestng.testCases.TC004_DDT_createEmployeeTest" time="8.069"/>
  <testcase name="addNewEmployees" classname="com.restAssuredTestng.testCases.TC004_DDT_createEmployeeTest" time="5.876">
    <failure message="expected [500] but found [200]" type="java.lang.AssertionError">java.lang.AssertionError: expected [500] but found [200]
	at org.testng.Assert.fail(Assert.java:96)
	at org.testng.Assert.failNotEquals(Assert.java:776)
	at org.testng.Assert.assertEqualsImpl(Assert.java:137)
	at org.testng.Assert.assertEquals(Assert.java:118)
	at org.testng.Assert.assertEquals(Assert.java:652)
	at org.testng.Assert.assertEquals(Assert.java:662)
	at com.restAssuredTestng.testCases.TC004_DDT_createEmployeeTest.addNewEmployees(TC004_DDT_createEmployeeTest.java:33)
</failure>
    <system-out><![CDATA[employ6
5800
39
]]></system-out>
  </testcase>
  <testcase name="checkAge" classname="com.restAssuredTestng.testCases.TC005_updateEmployeeTest" time="0"/>
  <testcase name="checkContentType" classname="com.restAssuredTestng.testCases.TC005_updateEmployeeTest" time="0"/>
  <testcase name="checkName" classname="com.restAssuredTestng.testCases.TC005_updateEmployeeTest" time="0"/>
  <testcase name="checkSalary" classname="com.restAssuredTestng.testCases.TC005_updateEmployeeTest" time="0"/>
  <testcase name="checkStatusCode" classname="com.restAssuredTestng.testCases.TC005_updateEmployeeTest" time="0.001"/>
  <testcase name="checkStatusLine" classname="com.restAssuredTestng.testCases.TC005_updateEmployeeTest" time="0"/>
  <testcase name="checkTime" classname="com.restAssuredTestng.testCases.TC005_updateEmployeeTest" time="0"/>
  <testcase name="checkBody" classname="com.restAssuredTestng.testCases.TC006_deleteOneEmployeeTest" time="0"/>
  <testcase name="checkServer" classname="com.restAssuredTestng.testCases.TC006_deleteOneEmployeeTest" time="0"/>
  <testcase name="checkStatusCode" classname="com.restAssuredTestng.testCases.TC006_deleteOneEmployeeTest" time="0"/>
  <testcase name="checkStatusLine" classname="com.restAssuredTestng.testCases.TC006_deleteOneEmployeeTest" time="0"/>
  <testcase name="checkTime" classname="com.restAssuredTestng.testCases.TC006_deleteOneEmployeeTest" time="0"/>
  <testcase name="checkContentType" classname="com.restAssuredTestng.testCases.TC001_getAllEmployeesTest" time="0"/>
  <testcase name="checkServer" classname="com.restAssuredTestng.testCases.TC001_getAllEmployeesTest" time="0"/>
  <testcase name="checkStatusCode" classname="com.restAssuredTestng.testCases.TC001_getAllEmployeesTest" time="0"/>
  <testcase name="checkStatusLine" classname="com.restAssuredTestng.testCases.TC001_getAllEmployeesTest" time="0.001"/>
  <testcase name="checkTime" classname="com.restAssuredTestng.testCases.TC001_getAllEmployeesTest" time="0"/>
  <testcase name="checkAge" classname="com.restAssuredTestng.testCases.TC003_createEmployeeTest" time="0.001"/>
  <testcase name="checkContentType" classname="com.restAssuredTestng.testCases.TC003_createEmployeeTest" time="0"/>
  <testcase name="checkName" classname="com.restAssuredTestng.testCases.TC003_createEmployeeTest" time="0"/>
  <testcase name="checkSalary" classname="com.restAssuredTestng.testCases.TC003_createEmployeeTest" time="0.001"/>
  <testcase name="checkServer" classname="com.restAssuredTestng.testCases.TC003_createEmployeeTest" time="0"/>
  <testcase name="checkStatusCode" classname="com.restAssuredTestng.testCases.TC003_createEmployeeTest" time="0"/>
  <testcase name="checkStatusLine" classname="com.restAssuredTestng.testCases.TC003_createEmployeeTest" time="0"/>
  <testcase name="checkTime" classname="com.restAssuredTestng.testCases.TC003_createEmployeeTest" time="0"/>
</testsuite>